<?xml version="1.0" encoding="UTF-8"?>
<testsuite xmlns:xsi="http://www.w3.org/2001/XMLSchema-instance" xsi:noNamespaceSchemaLocation="https://maven.apache.org/surefire/maven-surefire-plugin/xsd/surefire-test-report-3.0.xsd" version="3.0" name="com.example.similarProducts.adapters.outbound.http.SimilarIdsClientAdapterTest" time="3.106" tests="5" errors="0" skipped="0" failures="0">
  <properties>
[...]
</properties>
  <testcase name="getSimilarIds_returnsList_when200" classname="com.example.similarProducts.adapters.outbound.http.SimilarIdsClientAdapterTest" time="0.018"/>
  <testcase name="shouldReturnEmptyListWhenExternalServiceFails" classname="com.example.similarProducts.adapters.outbound.http.SimilarIdsClientAdapterTest" time="1.037"/>
  <testcase name="getSimilarIds_returnsEmptyList_when404" classname="com.example.similarProducts.adapters.outbound.http.SimilarIdsClientAdapterTest" time="1.02"/>
  <testcase name="getSimilarIds_returnsEmptyList_when5xx" classname="com.example.similarProducts.adapters.outbound.http.SimilarIdsClientAdapterTest" time="1.022"/>
  <testcase name="getSimilarIds_returnsEmptyList_whenEmptyArray" classname="com.example.similarProducts.adapters.outbound.http.SimilarIdsClientAdapterTest" time="0.003"/>
</testsuite>